2025-03-21 06:56:24 [main] INFO  c.e.b.OnlineBookStroreApplication - Starting OnlineBookStroreApplication using Java 21.0.5 with PID 9836 (C:\Users\welcome\eclipse-workspace\Online_Book_Strore\target\classes started by welcome in C:\Users\welcome\eclipse-workspace\Online_Book_Strore)
2025-03-21 06:56:24 [main] DEBUG c.e.b.OnlineBookStroreApplication - Running with Spring Boot v3.4.3, Spring v6.2.3
2025-03-21 06:56:24 [main] INFO  c.e.b.OnlineBookStroreApplication - No active profile set, falling back to 1 default profile: "default"
2025-03-21 06:56:25 [main] INFO  o.s.d.r.c.RepositoryConfigurationDelegate - Bootstrapping Spring Data JPA repositories in DEFAULT mode.
2025-03-21 06:56:25 [main] INFO  o.s.d.r.c.RepositoryConfigurationDelegate - Finished Spring Data repository scanning in 69 ms. Found 1 JPA repository interface.
2025-03-21 06:56:26 [main] INFO  o.s.b.w.e.tomcat.TomcatWebServer - Tomcat initialized with port 8080 (http)
2025-03-21 06:56:26 [main] INFO  o.a.coyote.http11.Http11NioProtocol - Initializing ProtocolHandler ["http-nio-8080"]
2025-03-21 06:56:26 [main] INFO  o.a.catalina.core.StandardService - Starting service [Tomcat]
2025-03-21 06:56:26 [main] INFO  o.a.catalina.core.StandardEngine - Starting Servlet engine: [Apache Tomcat/10.1.36]
2025-03-21 06:56:26 [main] INFO  o.a.c.c.C.[Tomcat].[localhost].[/] - Initializing Spring embedded WebApplicationContext
2025-03-21 06:56:26 [main] INFO  o.s.b.w.s.c.ServletWebServerApplicationContext - Root WebApplicationContext: initialization completed in 1599 ms
2025-03-21 06:56:26 [main] INFO  o.h.jpa.internal.util.LogHelper - HHH000204: Processing PersistenceUnitInfo [name: default]
2025-03-21 06:56:26 [main] INFO  org.hibernate.Version - HHH000412: Hibernate ORM core version 6.6.8.Final
2025-03-21 06:56:26 [main] INFO  o.h.c.i.RegionFactoryInitiator - HHH000026: Second-level cache disabled
2025-03-21 06:56:27 [main] INFO  o.s.o.j.p.SpringPersistenceUnitInfo - No LoadTimeWeaver setup: ignoring JPA class transformer
2025-03-21 06:56:27 [main] INFO  com.zaxxer.hikari.HikariDataSource - HikariPool-1 - Starting...
2025-03-21 06:56:27 [main] INFO  com.zaxxer.hikari.pool.HikariPool - HikariPool-1 - Added connection com.mysql.cj.jdbc.ConnectionImpl@4491eaeb
2025-03-21 06:56:27 [main] INFO  com.zaxxer.hikari.HikariDataSource - HikariPool-1 - Start completed.
2025-03-21 06:56:27 [main] WARN  org.hibernate.orm.deprecation - HHH90000025: MySQL8Dialect does not need to be specified explicitly using 'hibernate.dialect' (remove the property setting and it will be selected by default)
2025-03-21 06:56:27 [main] WARN  org.hibernate.orm.deprecation - HHH90000026: MySQL8Dialect has been deprecated; use org.hibernate.dialect.MySQLDialect instead
2025-03-21 06:56:27 [main] INFO  o.hibernate.orm.connections.pooling - HHH10001005: Database info:
	Database JDBC URL [Connecting through datasource 'HikariDataSource (HikariPool-1)']
	Database driver: undefined/unknown
	Database version: 8.0
	Autocommit mode: undefined/unknown
	Isolation level: undefined/unknown
	Minimum pool size: undefined/unknown
	Maximum pool size: undefined/unknown
2025-03-21 06:56:28 [main] INFO  o.h.e.t.j.p.i.JtaPlatformInitiator - HHH000489: No JTA platform available (set 'hibernate.transaction.jta.platform' to enable JTA platform integration)
2025-03-21 06:56:28 [main] INFO  o.s.o.j.LocalContainerEntityManagerFactoryBean - Initialized JPA EntityManagerFactory for persistence unit 'default'
2025-03-21 06:56:29 [main] WARN  o.s.b.a.o.j.JpaBaseConfiguration$JpaWebConfiguration - spring.jpa.open-in-view is enabled by default. Therefore, database queries may be performed during view rendering. Explicitly configure spring.jpa.open-in-view to disable this warning
2025-03-21 06:56:29 [main] INFO  o.a.coyote.http11.Http11NioProtocol - Starting ProtocolHandler ["http-nio-8080"]
2025-03-21 06:56:29 [main] INFO  o.s.b.w.e.tomcat.TomcatWebServer - Tomcat started on port 8080 (http) with context path '/'
2025-03-21 06:56:29 [main] INFO  c.e.b.OnlineBookStroreApplication - Started OnlineBookStroreApplication in 5.56 seconds (process running for 6.735)
2025-03-21 06:56:55 [RMI TCP Connection(4)-127.0.0.1] INFO  o.s.b.a.SpringApplicationAdminMXBeanRegistrar$SpringApplicationAdmin - Application shutdown requested.
2025-03-21 06:56:55 [RMI TCP Connection(4)-127.0.0.1] INFO  o.s.b.w.e.tomcat.GracefulShutdown - Commencing graceful shutdown. Waiting for active requests to complete
2025-03-21 06:56:55 [tomcat-shutdown] INFO  o.a.coyote.http11.Http11NioProtocol - Pausing ProtocolHandler ["http-nio-8080"]
2025-03-21 06:56:55 [tomcat-shutdown] INFO  o.s.b.w.e.tomcat.GracefulShutdown - Graceful shutdown complete
2025-03-21 06:56:55 [RMI TCP Connection(4)-127.0.0.1] INFO  o.a.coyote.http11.Http11NioProtocol - Stopping ProtocolHandler ["http-nio-8080"]
2025-03-21 06:56:55 [RMI TCP Connection(4)-127.0.0.1] INFO  o.s.o.j.LocalContainerEntityManagerFactoryBean - Closing JPA EntityManagerFactory for persistence unit 'default'
2025-03-21 06:56:55 [RMI TCP Connection(4)-127.0.0.1] INFO  com.zaxxer.hikari.HikariDataSource - HikariPool-1 - Shutdown initiated...
2025-03-21 06:56:55 [RMI TCP Connection(4)-127.0.0.1] INFO  com.zaxxer.hikari.HikariDataSource - HikariPool-1 - Shutdown completed.
2025-03-21T06:57:22.232+05:30  INFO 9612 --- [Online_Book_Store] [main] c.e.b.OnlineBookStroreApplication        : Starting OnlineBookStroreApplication using Java 21.0.5 with PID 9612 (C:\Users\welcome\eclipse-workspace\Online_Book_Strore\target\classes started by welcome in C:\Users\welcome\eclipse-workspace\Online_Book_Strore)
2025-03-21T06:57:22.243+05:30 DEBUG 9612 --- [Online_Book_Store] [main] c.e.b.OnlineBookStroreApplication        : Running with Spring Boot v3.4.3, Spring v6.2.3
2025-03-21T06:57:22.245+05:30  INFO 9612 --- [Online_Book_Store] [main] c.e.b.OnlineBookStroreApplication        : No active profile set, falling back to 1 default profile: "default"
2025-03-21T06:57:23.124+05:30  INFO 9612 --- [Online_Book_Store] [main] .s.d.r.c.RepositoryConfigurationDelegate : Bootstrapping Spring Data JPA repositories in DEFAULT mode.
2025-03-21T06:57:23.201+05:30  INFO 9612 --- [Online_Book_Store] [main] .s.d.r.c.RepositoryConfigurationDelegate : Finished Spring Data repository scanning in 66 ms. Found 1 JPA repository interface.
2025-03-21T06:57:23.802+05:30  INFO 9612 --- [Online_Book_Store] [main] o.s.b.w.embedded.tomcat.TomcatWebServer  : Tomcat initialized with port 8080 (http)
2025-03-21T06:57:23.824+05:30  INFO 9612 --- [Online_Book_Store] [main] o.apache.catalina.core.StandardService   : Starting service [Tomcat]
2025-03-21T06:57:23.825+05:30  INFO 9612 --- [Online_Book_Store] [main] o.apache.catalina.core.StandardEngine    : Starting Servlet engine: [Apache Tomcat/10.1.36]
2025-03-21T06:57:23.900+05:30  INFO 9612 --- [Online_Book_Store] [main] o.a.c.c.C.[Tomcat].[localhost].[/]       : Initializing Spring embedded WebApplicationContext
2025-03-21T06:57:23.901+05:30  INFO 9612 --- [Online_Book_Store] [main] w.s.c.ServletWebServerApplicationContext : Root WebApplicationContext: initialization completed in 1563 ms
2025-03-21T06:57:24.171+05:30  INFO 9612 --- [Online_Book_Store] [main] o.hibernate.jpa.internal.util.LogHelper  : HHH000204: Processing PersistenceUnitInfo [name: default]
2025-03-21T06:57:24.242+05:30  INFO 9612 --- [Online_Book_Store] [main] org.hibernate.Version                    : HHH000412: Hibernate ORM core version 6.6.8.Final
2025-03-21T06:57:24.293+05:30  INFO 9612 --- [Online_Book_Store] [main] o.h.c.internal.RegionFactoryInitiator    : HHH000026: Second-level cache disabled
2025-03-21T06:57:24.749+05:30  INFO 9612 --- [Online_Book_Store] [main] o.s.o.j.p.SpringPersistenceUnitInfo      : No LoadTimeWeaver setup: ignoring JPA class transformer
2025-03-21T06:57:24.820+05:30  INFO 9612 --- [Online_Book_Store] [main] com.zaxxer.hikari.HikariDataSource       : HikariPool-1 - Starting...
2025-03-21T06:57:25.253+05:30  INFO 9612 --- [Online_Book_Store] [main] com.zaxxer.hikari.pool.HikariPool        : HikariPool-1 - Added connection com.mysql.cj.jdbc.ConnectionImpl@33f349ae
2025-03-21T06:57:25.256+05:30  INFO 9612 --- [Online_Book_Store] [main] com.zaxxer.hikari.HikariDataSource       : HikariPool-1 - Start completed.
2025-03-21T06:57:25.336+05:30  WARN 9612 --- [Online_Book_Store] [main] org.hibernate.orm.deprecation            : HHH90000025: MySQL8Dialect does not need to be specified explicitly using 'hibernate.dialect' (remove the property setting and it will be selected by default)
2025-03-21T06:57:25.339+05:30  WARN 9612 --- [Online_Book_Store] [main] org.hibernate.orm.deprecation            : HHH90000026: MySQL8Dialect has been deprecated; use org.hibernate.dialect.MySQLDialect instead
2025-03-21T06:57:25.367+05:30  INFO 9612 --- [Online_Book_Store] [main] org.hibernate.orm.connections.pooling    : HHH10001005: Database info:
	Database JDBC URL [Connecting through datasource 'HikariDataSource (HikariPool-1)']
	Database driver: undefined/unknown
	Database version: 8.0
	Autocommit mode: undefined/unknown
	Isolation level: undefined/unknown
	Minimum pool size: undefined/unknown
	Maximum pool size: undefined/unknown
2025-03-21T06:57:26.431+05:30  INFO 9612 --- [Online_Book_Store] [main] o.h.e.t.j.p.i.JtaPlatformInitiator       : HHH000489: No JTA platform available (set 'hibernate.transaction.jta.platform' to enable JTA platform integration)
2025-03-21T06:57:26.510+05:30  INFO 9612 --- [Online_Book_Store] [main] j.LocalContainerEntityManagerFactoryBean : Initialized JPA EntityManagerFactory for persistence unit 'default'
2025-03-21T06:57:26.870+05:30  WARN 9612 --- [Online_Book_Store] [main] JpaBaseConfiguration$JpaWebConfiguration : spring.jpa.open-in-view is enabled by default. Therefore, database queries may be performed during view rendering. Explicitly configure spring.jpa.open-in-view to disable this warning
2025-03-21T06:57:27.341+05:30  INFO 9612 --- [Online_Book_Store] [main] o.s.b.w.embedded.tomcat.TomcatWebServer  : Tomcat started on port 8080 (http) with context path '/'
2025-03-21T06:57:27.355+05:30  INFO 9612 --- [Online_Book_Store] [main] c.e.b.OnlineBookStroreApplication        : Started OnlineBookStroreApplication in 5.708 seconds (process running for 6.558)
